2024-05-10 22:10:39,655 [Worker-4: Loading available Gradle versions] INFO  o.e.b.c.i.u.g.PublishedGradleVersions - Gradle version information cache is up-to-date. Trying to read.
2024-05-16 01:10:55,597 [Worker-5: Loading available Gradle versions] INFO  o.e.b.c.i.u.g.PublishedGradleVersions - Gradle version information cache is out-of-date. Trying to update.
2024-05-16 01:39:46,471 [Worker-0: Loading available Gradle versions] INFO  o.e.b.c.i.u.g.PublishedGradleVersions - Gradle version information cache is up-to-date. Trying to read.
2024-05-17 01:52:28,589 [Worker-3: Loading available Gradle versions] INFO  o.e.b.c.i.u.g.PublishedGradleVersions - Gradle version information cache is out-of-date. Trying to update.
2024-05-17 02:03:35,532 [ModalContext] INFO  o.e.m.c.i.e.AbstractTransferListenerAdapter - Downloading https://repo.maven.apache.org/maven2/org/apache/maven/archetypes/maven-archetype-quickstart/1.1/maven-archetype-quickstart-1.1.pom
2024-05-17 02:03:35,538 [ModalContext] INFO  o.e.m.c.i.e.AbstractTransferListenerAdapter - Downloaded https://repo.maven.apache.org/maven2/org/apache/maven/archetypes/maven-archetype-quickstart/1.1/maven-archetype-quickstart-1.1.pom
2024-05-17 02:03:35,579 [ModalContext] INFO  o.e.m.c.i.e.AbstractTransferListenerAdapter - Downloading https://repo.maven.apache.org/maven2/org/apache/maven/archetypes/maven-archetype-bundles/4/maven-archetype-bundles-4.pom
2024-05-17 02:03:35,590 [ModalContext] INFO  o.e.m.c.i.e.AbstractTransferListenerAdapter - Downloaded https://repo.maven.apache.org/maven2/org/apache/maven/archetypes/maven-archetype-bundles/4/maven-archetype-bundles-4.pom
2024-05-17 02:03:35,628 [ModalContext] INFO  o.e.m.c.i.e.AbstractTransferListenerAdapter - Downloading https://repo.maven.apache.org/maven2/org/apache/maven/archetype/maven-archetype/2.0-alpha-5/maven-archetype-2.0-alpha-5.pom
2024-05-17 02:03:35,630 [ModalContext] INFO  o.e.m.c.i.e.AbstractTransferListenerAdapter - Downloaded https://repo.maven.apache.org/maven2/org/apache/maven/archetype/maven-archetype/2.0-alpha-5/maven-archetype-2.0-alpha-5.pom
2024-05-17 02:03:35,646 [ModalContext] INFO  o.e.m.c.i.e.AbstractTransferListenerAdapter - Downloading https://repo.maven.apache.org/maven2/org/apache/maven/maven-parent/16/maven-parent-16.pom
2024-05-17 02:03:35,649 [ModalContext] INFO  o.e.m.c.i.e.AbstractTransferListenerAdapter - Downloaded https://repo.maven.apache.org/maven2/org/apache/maven/maven-parent/16/maven-parent-16.pom
2024-05-17 02:03:35,665 [ModalContext] INFO  o.e.m.c.i.e.AbstractTransferListenerAdapter - Downloading https://repo.maven.apache.org/maven2/org/apache/apache/7/apache-7.pom
2024-05-17 02:03:35,669 [ModalContext] INFO  o.e.m.c.i.e.AbstractTransferListenerAdapter - Downloaded https://repo.maven.apache.org/maven2/org/apache/apache/7/apache-7.pom
2024-05-17 02:03:35,713 [ModalContext] INFO  o.e.m.c.i.e.AbstractTransferListenerAdapter - Downloading https://repo.maven.apache.org/maven2/org/apache/maven/archetypes/maven-archetype-quickstart/1.1/maven-archetype-quickstart-1.1.jar
2024-05-17 02:03:35,715 [ModalContext] INFO  o.e.m.c.i.e.AbstractTransferListenerAdapter - Downloaded https://repo.maven.apache.org/maven2/org/apache/maven/archetypes/maven-archetype-quickstart/1.1/maven-archetype-quickstart-1.1.jar
2024-05-17 02:05:35,466 [Worker-12: Launching mavenrun-164bcff0-5505-4b2e-af4d-e888f331aa13] INFO  o.eclipse.m2e.core.internal.Bundles - getClasspathEntries(Bundle=org.eclipse.m2e.maven.runtime_3.9.600.20231203-1234 [631])
2024-05-17 02:05:35,468 [Worker-12: Launching mavenrun-164bcff0-5505-4b2e-af4d-e888f331aa13] INFO  o.eclipse.m2e.core.internal.Bundles - 	Entry: /home/nataliemorales9/.p2/pool/plugins/org.eclipse.m2e.maven.runtime_3.9.600.20231203-1234
2024-05-17 02:05:35,468 [Worker-12: Launching mavenrun-164bcff0-5505-4b2e-af4d-e888f331aa13] INFO  o.eclipse.m2e.core.internal.Bundles - 	Entry: /home/nataliemorales9/.p2/pool/plugins/org.eclipse.m2e.maven.runtime_3.9.600.20231203-1234/jars/aopalliance-1.0.jar
2024-05-17 02:05:35,468 [Worker-12: Launching mavenrun-164bcff0-5505-4b2e-af4d-e888f331aa13] INFO  o.eclipse.m2e.core.internal.Bundles - 	Entry: /home/nataliemorales9/.p2/pool/plugins/org.eclipse.m2e.maven.runtime_3.9.600.20231203-1234/jars/guice-5.1.0.jar
2024-05-17 02:05:35,468 [Worker-12: Launching mavenrun-164bcff0-5505-4b2e-af4d-e888f331aa13] INFO  o.eclipse.m2e.core.internal.Bundles - 	Entry: /home/nataliemorales9/.p2/pool/plugins/org.eclipse.m2e.maven.runtime_3.9.600.20231203-1234/jars/httpclient-4.5.14.jar
2024-05-17 02:05:35,468 [Worker-12: Launching mavenrun-164bcff0-5505-4b2e-af4d-e888f331aa13] INFO  o.eclipse.m2e.core.internal.Bundles - 	Entry: /home/nataliemorales9/.p2/pool/plugins/org.eclipse.m2e.maven.runtime_3.9.600.20231203-1234/jars/httpcore-4.4.16.jar
2024-05-17 02:05:35,468 [Worker-12: Launching mavenrun-164bcff0-5505-4b2e-af4d-e888f331aa13] INFO  o.eclipse.m2e.core.internal.Bundles - 	Entry: /home/nataliemorales9/.p2/pool/plugins/org.eclipse.m2e.maven.runtime_3.9.600.20231203-1234/jars/jansi-2.4.0.jar
2024-05-17 02:05:35,468 [Worker-12: Launching mavenrun-164bcff0-5505-4b2e-af4d-e888f331aa13] INFO  o.eclipse.m2e.core.internal.Bundles - 	Entry: /home/nataliemorales9/.p2/pool/plugins/org.eclipse.m2e.maven.runtime_3.9.600.20231203-1234/jars/jcl-over-slf4j-1.7.36.jar
2024-05-17 02:05:35,469 [Worker-12: Launching mavenrun-164bcff0-5505-4b2e-af4d-e888f331aa13] INFO  o.eclipse.m2e.core.internal.Bundles - 	Entry: /home/nataliemorales9/.p2/pool/plugins/org.eclipse.m2e.maven.runtime_3.9.600.20231203-1234/jars/maven-artifact-3.9.6.jar
2024-05-17 02:05:35,469 [Worker-12: Launching mavenrun-164bcff0-5505-4b2e-af4d-e888f331aa13] INFO  o.eclipse.m2e.core.internal.Bundles - 	Entry: /home/nataliemorales9/.p2/pool/plugins/org.eclipse.m2e.maven.runtime_3.9.600.20231203-1234/jars/maven-builder-support-3.9.6.jar
2024-05-17 02:05:35,469 [Worker-12: Launching mavenrun-164bcff0-5505-4b2e-af4d-e888f331aa13] INFO  o.eclipse.m2e.core.internal.Bundles - 	Entry: /home/nataliemorales9/.p2/pool/plugins/org.eclipse.m2e.maven.runtime_3.9.600.20231203-1234/jars/maven-compat-3.9.6.jar
2024-05-17 02:05:35,469 [Worker-12: Launching mavenrun-164bcff0-5505-4b2e-af4d-e888f331aa13] INFO  o.eclipse.m2e.core.internal.Bundles - 	Entry: /home/nataliemorales9/.p2/pool/plugins/org.eclipse.m2e.maven.runtime_3.9.600.20231203-1234/jars/maven-core-3.9.6.jar
2024-05-17 02:05:35,469 [Worker-12: Launching mavenrun-164bcff0-5505-4b2e-af4d-e888f331aa13] INFO  o.eclipse.m2e.core.internal.Bundles - 	Entry: /home/nataliemorales9/.p2/pool/plugins/org.eclipse.m2e.maven.runtime_3.9.600.20231203-1234/jars/maven-embedder-3.9.6.jar
2024-05-17 02:05:35,469 [Worker-12: Launching mavenrun-164bcff0-5505-4b2e-af4d-e888f331aa13] INFO  o.eclipse.m2e.core.internal.Bundles - 	Entry: /home/nataliemorales9/.p2/pool/plugins/org.eclipse.m2e.maven.runtime_3.9.600.20231203-1234/jars/maven-model-3.9.6.jar
2024-05-17 02:05:35,469 [Worker-12: Launching mavenrun-164bcff0-5505-4b2e-af4d-e888f331aa13] INFO  o.eclipse.m2e.core.internal.Bundles - 	Entry: /home/nataliemorales9/.p2/pool/plugins/org.eclipse.m2e.maven.runtime_3.9.600.20231203-1234/jars/maven-model-builder-3.9.6.jar
2024-05-17 02:05:35,470 [Worker-12: Launching mavenrun-164bcff0-5505-4b2e-af4d-e888f331aa13] INFO  o.eclipse.m2e.core.internal.Bundles - 	Entry: /home/nataliemorales9/.p2/pool/plugins/org.eclipse.m2e.maven.runtime_3.9.600.20231203-1234/jars/maven-plugin-api-3.9.6.jar
2024-05-17 02:05:35,470 [Worker-12: Launching mavenrun-164bcff0-5505-4b2e-af4d-e888f331aa13] INFO  o.eclipse.m2e.core.internal.Bundles - 	Entry: /home/nataliemorales9/.p2/pool/plugins/org.eclipse.m2e.maven.runtime_3.9.600.20231203-1234/jars/maven-repository-metadata-3.9.6.jar
2024-05-17 02:05:35,470 [Worker-12: Launching mavenrun-164bcff0-5505-4b2e-af4d-e888f331aa13] INFO  o.eclipse.m2e.core.internal.Bundles - 	Entry: /home/nataliemorales9/.p2/pool/plugins/org.eclipse.m2e.maven.runtime_3.9.600.20231203-1234/jars/maven-resolver-api-1.9.18.jar
2024-05-17 02:05:35,470 [Worker-12: Launching mavenrun-164bcff0-5505-4b2e-af4d-e888f331aa13] INFO  o.eclipse.m2e.core.internal.Bundles - 	Entry: /home/nataliemorales9/.p2/pool/plugins/org.eclipse.m2e.maven.runtime_3.9.600.20231203-1234/jars/maven-resolver-connector-basic-1.9.18.jar
2024-05-17 02:05:35,470 [Worker-12: Launching mavenrun-164bcff0-5505-4b2e-af4d-e888f331aa13] INFO  o.eclipse.m2e.core.internal.Bundles - 	Entry: /home/nataliemorales9/.p2/pool/plugins/org.eclipse.m2e.maven.runtime_3.9.600.20231203-1234/jars/maven-resolver-impl-1.9.18.jar
2024-05-17 02:05:35,470 [Worker-12: Launching mavenrun-164bcff0-5505-4b2e-af4d-e888f331aa13] INFO  o.eclipse.m2e.core.internal.Bundles - 	Entry: /home/nataliemorales9/.p2/pool/plugins/org.eclipse.m2e.maven.runtime_3.9.600.20231203-1234/jars/maven-resolver-named-locks-1.9.18.jar
2024-05-17 02:05:35,470 [Worker-12: Launching mavenrun-164bcff0-5505-4b2e-af4d-e888f331aa13] INFO  o.eclipse.m2e.core.internal.Bundles - 	Entry: /home/nataliemorales9/.p2/pool/plugins/org.eclipse.m2e.maven.runtime_3.9.600.20231203-1234/jars/maven-resolver-provider-3.9.6.jar
2024-05-17 02:05:35,470 [Worker-12: Launching mavenrun-164bcff0-5505-4b2e-af4d-e888f331aa13] INFO  o.eclipse.m2e.core.internal.Bundles - 	Entry: /home/nataliemorales9/.p2/pool/plugins/org.eclipse.m2e.maven.runtime_3.9.600.20231203-1234/jars/maven-resolver-spi-1.9.18.jar
2024-05-17 02:05:35,471 [Worker-12: Launching mavenrun-164bcff0-5505-4b2e-af4d-e888f331aa13] INFO  o.eclipse.m2e.core.internal.Bundles - 	Entry: /home/nataliemorales9/.p2/pool/plugins/org.eclipse.m2e.maven.runtime_3.9.600.20231203-1234/jars/maven-resolver-transport-file-1.9.18.jar
2024-05-17 02:05:35,471 [Worker-12: Launching mavenrun-164bcff0-5505-4b2e-af4d-e888f331aa13] INFO  o.eclipse.m2e.core.internal.Bundles - 	Entry: /home/nataliemorales9/.p2/pool/plugins/org.eclipse.m2e.maven.runtime_3.9.600.20231203-1234/jars/maven-resolver-transport-http-1.9.18.jar
2024-05-17 02:05:35,471 [Worker-12: Launching mavenrun-164bcff0-5505-4b2e-af4d-e888f331aa13] INFO  o.eclipse.m2e.core.internal.Bundles - 	Entry: /home/nataliemorales9/.p2/pool/plugins/org.eclipse.m2e.maven.runtime_3.9.600.20231203-1234/jars/maven-resolver-transport-wagon-1.9.18.jar
2024-05-17 02:05:35,471 [Worker-12: Launching mavenrun-164bcff0-5505-4b2e-af4d-e888f331aa13] INFO  o.eclipse.m2e.core.internal.Bundles - 	Entry: /home/nataliemorales9/.p2/pool/plugins/org.eclipse.m2e.maven.runtime_3.9.600.20231203-1234/jars/maven-resolver-util-1.9.18.jar
2024-05-17 02:05:35,471 [Worker-12: Launching mavenrun-164bcff0-5505-4b2e-af4d-e888f331aa13] INFO  o.eclipse.m2e.core.internal.Bundles - 	Entry: /home/nataliemorales9/.p2/pool/plugins/org.eclipse.m2e.maven.runtime_3.9.600.20231203-1234/jars/maven-settings-3.9.6.jar
2024-05-17 02:05:35,471 [Worker-12: Launching mavenrun-164bcff0-5505-4b2e-af4d-e888f331aa13] INFO  o.eclipse.m2e.core.internal.Bundles - 	Entry: /home/nataliemorales9/.p2/pool/plugins/org.eclipse.m2e.maven.runtime_3.9.600.20231203-1234/jars/maven-settings-builder-3.9.6.jar
2024-05-17 02:05:35,471 [Worker-12: Launching mavenrun-164bcff0-5505-4b2e-af4d-e888f331aa13] INFO  o.eclipse.m2e.core.internal.Bundles - 	Entry: /home/nataliemorales9/.p2/pool/plugins/org.eclipse.m2e.maven.runtime_3.9.600.20231203-1234/jars/maven-shared-utils-3.3.4.jar
2024-05-17 02:05:35,471 [Worker-12: Launching mavenrun-164bcff0-5505-4b2e-af4d-e888f331aa13] INFO  o.eclipse.m2e.core.internal.Bundles - 	Entry: /home/nataliemorales9/.p2/pool/plugins/org.eclipse.m2e.maven.runtime_3.9.600.20231203-1234/jars/org.eclipse.sisu.inject-0.9.0.M2.jar
2024-05-17 02:05:35,471 [Worker-12: Launching mavenrun-164bcff0-5505-4b2e-af4d-e888f331aa13] INFO  o.eclipse.m2e.core.internal.Bundles - 	Entry: /home/nataliemorales9/.p2/pool/plugins/org.eclipse.m2e.maven.runtime_3.9.600.20231203-1234/jars/org.eclipse.sisu.plexus-0.9.0.M2.jar
2024-05-17 02:05:35,471 [Worker-12: Launching mavenrun-164bcff0-5505-4b2e-af4d-e888f331aa13] INFO  o.eclipse.m2e.core.internal.Bundles - 	Entry: /home/nataliemorales9/.p2/pool/plugins/org.eclipse.m2e.maven.runtime_3.9.600.20231203-1234/jars/plexus-build-api-0.0.7.jar
2024-05-17 02:05:35,472 [Worker-12: Launching mavenrun-164bcff0-5505-4b2e-af4d-e888f331aa13] INFO  o.eclipse.m2e.core.internal.Bundles - 	Entry: /home/nataliemorales9/.p2/pool/plugins/org.eclipse.m2e.maven.runtime_3.9.600.20231203-1234/jars/plexus-cipher-2.0.jar
2024-05-17 02:05:35,472 [Worker-12: Launching mavenrun-164bcff0-5505-4b2e-af4d-e888f331aa13] INFO  o.eclipse.m2e.core.internal.Bundles - 	Entry: /home/nataliemorales9/.p2/pool/plugins/org.eclipse.m2e.maven.runtime_3.9.600.20231203-1234/jars/plexus-classworlds-2.7.0.jar
2024-05-17 02:05:35,472 [Worker-12: Launching mavenrun-164bcff0-5505-4b2e-af4d-e888f331aa13] INFO  o.eclipse.m2e.core.internal.Bundles - 	Entry: /home/nataliemorales9/.p2/pool/plugins/org.eclipse.m2e.maven.runtime_3.9.600.20231203-1234/jars/plexus-component-annotations-2.1.0.jar
2024-05-17 02:05:35,472 [Worker-12: Launching mavenrun-164bcff0-5505-4b2e-af4d-e888f331aa13] INFO  o.eclipse.m2e.core.internal.Bundles - 	Entry: /home/nataliemorales9/.p2/pool/plugins/org.eclipse.m2e.maven.runtime_3.9.600.20231203-1234/jars/plexus-interpolation-1.26.jar
2024-05-17 02:05:35,472 [Worker-12: Launching mavenrun-164bcff0-5505-4b2e-af4d-e888f331aa13] INFO  o.eclipse.m2e.core.internal.Bundles - 	Entry: /home/nataliemorales9/.p2/pool/plugins/org.eclipse.m2e.maven.runtime_3.9.600.20231203-1234/jars/plexus-sec-dispatcher-2.0.jar
2024-05-17 02:05:35,472 [Worker-12: Launching mavenrun-164bcff0-5505-4b2e-af4d-e888f331aa13] INFO  o.eclipse.m2e.core.internal.Bundles - 	Entry: /home/nataliemorales9/.p2/pool/plugins/org.eclipse.m2e.maven.runtime_3.9.600.20231203-1234/jars/plexus-utils-3.5.1.jar
2024-05-17 02:05:35,472 [Worker-12: Launching mavenrun-164bcff0-5505-4b2e-af4d-e888f331aa13] INFO  o.eclipse.m2e.core.internal.Bundles - 	Entry: /home/nataliemorales9/.p2/pool/plugins/org.eclipse.m2e.maven.runtime_3.9.600.20231203-1234/jars/wagon-file-3.5.3.jar
2024-05-17 02:05:35,472 [Worker-12: Launching mavenrun-164bcff0-5505-4b2e-af4d-e888f331aa13] INFO  o.eclipse.m2e.core.internal.Bundles - 	Entry: /home/nataliemorales9/.p2/pool/plugins/org.eclipse.m2e.maven.runtime_3.9.600.20231203-1234/jars/wagon-http-3.5.3.jar
2024-05-17 02:05:35,472 [Worker-12: Launching mavenrun-164bcff0-5505-4b2e-af4d-e888f331aa13] INFO  o.eclipse.m2e.core.internal.Bundles - 	Entry: /home/nataliemorales9/.p2/pool/plugins/org.eclipse.m2e.maven.runtime_3.9.600.20231203-1234/jars/wagon-http-shared-3.5.3.jar
2024-05-17 02:05:35,473 [Worker-12: Launching mavenrun-164bcff0-5505-4b2e-af4d-e888f331aa13] INFO  o.eclipse.m2e.core.internal.Bundles - 	Entry: /home/nataliemorales9/.p2/pool/plugins/org.eclipse.m2e.maven.runtime_3.9.600.20231203-1234/jars/wagon-provider-api-3.5.3.jar
2024-05-17 02:05:35,477 [Worker-12: Launching mavenrun-164bcff0-5505-4b2e-af4d-e888f331aa13] INFO  o.eclipse.m2e.core.internal.Bundles - getClasspathEntries(Bundle=com.google.guava_33.0.0.jre [14])
2024-05-17 02:05:35,477 [Worker-12: Launching mavenrun-164bcff0-5505-4b2e-af4d-e888f331aa13] INFO  o.eclipse.m2e.core.internal.Bundles - 	Entry: /home/nataliemorales9/.p2/pool/plugins/com.google.guava_33.0.0.jre.jar
2024-05-17 02:05:35,477 [Worker-12: Launching mavenrun-164bcff0-5505-4b2e-af4d-e888f331aa13] INFO  o.eclipse.m2e.core.internal.Bundles - getClasspathEntries(Bundle=slf4j.api_2.0.13 [992])
2024-05-17 02:05:35,478 [Worker-12: Launching mavenrun-164bcff0-5505-4b2e-af4d-e888f331aa13] INFO  o.eclipse.m2e.core.internal.Bundles - 	Entry: /home/nataliemorales9/.p2/pool/plugins/slf4j.api_2.0.13.jar
2024-05-17 02:05:35,478 [Worker-12: Launching mavenrun-164bcff0-5505-4b2e-af4d-e888f331aa13] INFO  o.eclipse.m2e.core.internal.Bundles - getClasspathEntries(Bundle=jakarta.inject.jakarta.inject-api_1.0.5 [32])
2024-05-17 02:05:35,478 [Worker-12: Launching mavenrun-164bcff0-5505-4b2e-af4d-e888f331aa13] INFO  o.eclipse.m2e.core.internal.Bundles - 	Entry: /home/nataliemorales9/.p2/pool/plugins/jakarta.inject.jakarta.inject-api_1.0.5.jar
2024-05-17 02:05:35,478 [Worker-12: Launching mavenrun-164bcff0-5505-4b2e-af4d-e888f331aa13] INFO  o.eclipse.m2e.core.internal.Bundles - getClasspathEntries(Bundle=jakarta.annotation-api_1.3.5 [27])
2024-05-17 02:05:35,480 [Worker-12: Launching mavenrun-164bcff0-5505-4b2e-af4d-e888f331aa13] INFO  o.eclipse.m2e.core.internal.Bundles - 	Entry: /home/nataliemorales9/.p2/pool/plugins/jakarta.annotation-api_1.3.5.jar
2024-05-17 02:05:35,481 [Worker-12: Launching mavenrun-164bcff0-5505-4b2e-af4d-e888f331aa13] INFO  o.eclipse.m2e.core.internal.Bundles - getClasspathEntries(Bundle=org.apache.commons.cli_1.6.0 [75])
2024-05-17 02:05:35,481 [Worker-12: Launching mavenrun-164bcff0-5505-4b2e-af4d-e888f331aa13] INFO  o.eclipse.m2e.core.internal.Bundles - 	Entry: /home/nataliemorales9/.p2/pool/plugins/org.apache.commons.cli_1.6.0.jar
2024-05-17 02:05:35,481 [Worker-12: Launching mavenrun-164bcff0-5505-4b2e-af4d-e888f331aa13] INFO  o.eclipse.m2e.core.internal.Bundles - getClasspathEntries(Bundle=org.apache.commons.commons-codec_1.16.0 [78])
2024-05-17 02:05:35,481 [Worker-12: Launching mavenrun-164bcff0-5505-4b2e-af4d-e888f331aa13] INFO  o.eclipse.m2e.core.internal.Bundles - 	Entry: /home/nataliemorales9/.p2/pool/plugins/org.apache.commons.commons-codec_1.16.0.jar
2024-05-17 02:05:35,481 [Worker-12: Launching mavenrun-164bcff0-5505-4b2e-af4d-e888f331aa13] INFO  o.eclipse.m2e.core.internal.Bundles - getClasspathEntries(Bundle=org.apache.commons.lang3_3.14.0 [86])
2024-05-17 02:05:35,482 [Worker-12: Launching mavenrun-164bcff0-5505-4b2e-af4d-e888f331aa13] INFO  o.eclipse.m2e.core.internal.Bundles - 	Entry: /home/nataliemorales9/.p2/pool/plugins/org.apache.commons.lang3_3.14.0.jar
2024-05-17 02:05:35,482 [Worker-12: Launching mavenrun-164bcff0-5505-4b2e-af4d-e888f331aa13] INFO  o.eclipse.m2e.core.internal.Bundles - getClasspathEntries(Bundle=com.google.guava.failureaccess_1.0.2 [15])
2024-05-17 02:05:35,482 [Worker-12: Launching mavenrun-164bcff0-5505-4b2e-af4d-e888f331aa13] INFO  o.eclipse.m2e.core.internal.Bundles - 	Entry: /home/nataliemorales9/.p2/pool/plugins/com.google.guava.failureaccess_1.0.2.jar
2024-05-17 02:05:35,484 [Worker-12: Launching mavenrun-164bcff0-5505-4b2e-af4d-e888f331aa13] INFO  o.e.m.i.launch.MavenLaunchDelegate - Run build in "/tmp/m2e-archetypeGenerator13141050637957021854":
2024-05-17 02:05:35,489 [Worker-12: Launching mavenrun-164bcff0-5505-4b2e-af4d-e888f331aa13] INFO  o.e.m.i.launch.MavenLaunchDelegate -  mvn  -DarchetypeGroupId=org.apache.maven.archetypes -DarchetypeArtifactId=maven-archetype-quickstart -DarchetypeVersion=1.1 -DgroupId=com.myshop -DartifactId=techshop -Dversion=0.0.1-SNAPSHOT -Dpackage=com.myshop.techshop -DoutputDirectory=/home/nataliemorales9/workspace/ClassWork -Dstyle.color=always -U archetype:generate
